2023-02-05 22:14:59,161 - mmcls - INFO - Environment info:
------------------------------------------------------------
sys.platform: linux
Python: 3.8.13 | packaged by conda-forge | (default, Mar 25 2022, 06:04:18) [GCC 10.3.0]
CUDA available: True
GPU 0: NVIDIA GeForce RTX 3090
CUDA_HOME: /usr/local/cuda
NVCC: Cuda compilation tools, release 11.1, V11.1.105
GCC: gcc (Ubuntu 9.4.0-1ubuntu1~20.04.1) 9.4.0
PyTorch: 1.8.2+cu111
PyTorch compiling details: PyTorch built with:
  - GCC 7.3
  - C++ Version: 201402
  - Intel(R) Math Kernel Library Version 2020.0.0 Product Build 20191122 for Intel(R) 64 architecture applications
  - Intel(R) MKL-DNN v1.7.0 (Git Hash 7aed236906b1f7a05c0917e5257a1af05e9ff683)
  - OpenMP 201511 (a.k.a. OpenMP 4.5)
  - NNPACK is enabled
  - CPU capability usage: AVX2
  - CUDA Runtime 11.1
  - NVCC architecture flags: -gencode;arch=compute_37,code=sm_37;-gencode;arch=compute_50,code=sm_50;-gencode;arch=compute_60,code=sm_60;-gencode;arch=compute_70,code=sm_70;-gencode;arch=compute_75,code=sm_75;-gencode;arch=compute_80,code=sm_80;-gencode;arch=compute_86,code=sm_86
  - CuDNN 8.0.5
  - Magma 2.5.2
  - Build settings: BLAS_INFO=mkl, BUILD_TYPE=Release, CUDA_VERSION=11.1, CUDNN_VERSION=8.0.5, CXX_COMPILER=/opt/rh/devtoolset-7/root/usr/bin/c++, CXX_FLAGS= -Wno-deprecated -fvisibility-inlines-hidden -DUSE_PTHREADPOOL -fopenmp -DNDEBUG -DUSE_KINETO -DUSE_FBGEMM -DUSE_QNNPACK -DUSE_PYTORCH_QNNPACK -DUSE_XNNPACK -O2 -fPIC -Wno-narrowing -Wall -Wextra -Werror=return-type -Wno-missing-field-initializers -Wno-type-limits -Wno-array-bounds -Wno-unknown-pragmas -Wno-sign-compare -Wno-unused-parameter -Wno-unused-variable -Wno-unused-function -Wno-unused-result -Wno-unused-local-typedefs -Wno-strict-overflow -Wno-strict-aliasing -Wno-error=deprecated-declarations -Wno-stringop-overflow -Wno-psabi -Wno-error=pedantic -Wno-error=redundant-decls -Wno-error=old-style-cast -fdiagnostics-color=always -faligned-new -Wno-unused-but-set-variable -Wno-maybe-uninitialized -fno-math-errno -fno-trapping-math -Werror=format -Wno-stringop-overflow, LAPACK_INFO=mkl, PERF_WITH_AVX=1, PERF_WITH_AVX2=1, PERF_WITH_AVX512=1, TORCH_VERSION=1.8.2, USE_CUDA=ON, USE_CUDNN=ON, USE_EXCEPTION_PTR=1, USE_GFLAGS=OFF, USE_GLOG=OFF, USE_MKL=ON, USE_MKLDNN=ON, USE_MPI=OFF, USE_NCCL=ON, USE_NNPACK=ON, USE_OPENMP=ON, 

TorchVision: 0.9.2+cu111
OpenCV: 4.6.0
MMCV: 1.7.0
MMCV Compiler: GCC 7.3
MMCV CUDA Compiler: 11.1
MMClassification: 0.25.0+3d4f80d
------------------------------------------------------------

2023-02-05 22:14:59,161 - mmcls - INFO - Distributed training: False
2023-02-05 22:14:59,370 - mmcls - INFO - Config:
model = dict(
    type='ImageClassifier',
    backbone=dict(
        type='ResNet_CIFAR',
        depth=18,
        num_stages=4,
        out_indices=(3, ),
        style='pytorch'),
    neck=dict(type='GlobalAveragePooling'),
    head=dict(
        type='LinearClsHead',
        num_classes=10,
        in_channels=512,
        loss=dict(type='CrossEntropyLoss', loss_weight=1.0)))
dataset_type = 'CIFAR10'
img_norm_cfg = dict(
    mean=[125.307, 122.961, 113.8575],
    std=[51.5865, 50.847, 51.255],
    to_rgb=False)
train_pipeline = [
    dict(type='RandomCrop', size=32, padding=4),
    dict(type='RandomFlip', flip_prob=0.5, direction='horizontal'),
    dict(
        type='Normalize',
        mean=[125.307, 122.961, 113.8575],
        std=[51.5865, 50.847, 51.255],
        to_rgb=False),
    dict(type='ImageToTensor', keys=['img']),
    dict(type='ToTensor', keys=['gt_label']),
    dict(type='Collect', keys=['img', 'gt_label'])
]
test_pipeline = [
    dict(
        type='Normalize',
        mean=[125.307, 122.961, 113.8575],
        std=[51.5865, 50.847, 51.255],
        to_rgb=False),
    dict(type='ImageToTensor', keys=['img']),
    dict(type='Collect', keys=['img'])
]
data = dict(
    samples_per_gpu=128,
    workers_per_gpu=8,
    train=dict(
        type='CIFAR10',
        data_prefix='data/cifar10',
        pipeline=[
            dict(type='RandomCrop', size=32, padding=4),
            dict(type='RandomFlip', flip_prob=0.5, direction='horizontal'),
            dict(
                type='Normalize',
                mean=[125.307, 122.961, 113.8575],
                std=[51.5865, 50.847, 51.255],
                to_rgb=False),
            dict(type='ImageToTensor', keys=['img']),
            dict(type='ToTensor', keys=['gt_label']),
            dict(type='Collect', keys=['img', 'gt_label'])
        ]),
    val=dict(
        type='CIFAR10',
        data_prefix='data/cifar10',
        pipeline=[
            dict(
                type='Normalize',
                mean=[125.307, 122.961, 113.8575],
                std=[51.5865, 50.847, 51.255],
                to_rgb=False),
            dict(type='ImageToTensor', keys=['img']),
            dict(type='Collect', keys=['img'])
        ],
        test_mode=True),
    test=dict(
        type='CIFAR10',
        data_prefix='data/cifar10',
        pipeline=[
            dict(
                type='Normalize',
                mean=[125.307, 122.961, 113.8575],
                std=[51.5865, 50.847, 51.255],
                to_rgb=False),
            dict(type='ImageToTensor', keys=['img']),
            dict(type='Collect', keys=['img'])
        ],
        test_mode=True))
optimizer = dict(type='SGD', lr=0.1, momentum=0.9, weight_decay=0.0001)
optimizer_config = dict(grad_clip=None)
lr_config = dict(policy='step', step=[100, 150])
runner = dict(type='EpochBasedRunner', max_epochs=100)
checkpoint_config = dict(interval=50)
log_config = dict(interval=100, hooks=[dict(type='TextLoggerHook')])
dist_params = dict(backend='nccl')
log_level = 'INFO'
load_from = None
resume_from = None
workflow = [('train', 1)]
work_dir = './work_dirs/resnet18_8xb16_cifar10'
gpu_ids = [0]

2023-02-05 22:14:59,370 - mmcls - INFO - Set random seed to 1530411864, deterministic: False
2023-02-05 22:14:59,734 - mmcls - INFO - initialize ResNet_CIFAR with init_cfg [{'type': 'Kaiming', 'layer': ['Conv2d']}, {'type': 'Constant', 'val': 1, 'layer': ['_BatchNorm', 'GroupNorm']}]
2023-02-05 22:15:00,555 - mmcls - INFO - initialize LinearClsHead with init_cfg {'type': 'Normal', 'layer': 'Linear', 'std': 0.01}
Name of parameter - Initialization information

backbone.conv1.weight - torch.Size([64, 3, 3, 3]): 
KaimingInit: a=0, mode=fan_out, nonlinearity=relu, distribution =normal, bias=0 

backbone.bn1.weight - torch.Size([64]): 
The value is the same before and after calling `init_weights` of ImageClassifier  

backbone.bn1.bias - torch.Size([64]): 
The value is the same before and after calling `init_weights` of ImageClassifier  

backbone.layer1.0.conv1.weight - torch.Size([64, 64, 3, 3]): 
KaimingInit: a=0, mode=fan_out, nonlinearity=relu, distribution =normal, bias=0 

backbone.layer1.0.bn1.weight - torch.Size([64]): 
The value is the same before and after calling `init_weights` of ImageClassifier  

backbone.layer1.0.bn1.bias - torch.Size([64]): 
The value is the same before and after calling `init_weights` of ImageClassifier  

backbone.layer1.0.conv2.weight - torch.Size([64, 64, 3, 3]): 
KaimingInit: a=0, mode=fan_out, nonlinearity=relu, distribution =normal, bias=0 

backbone.layer1.0.bn2.weight - torch.Size([64]): 
Initialized by user-defined `init_weights` in ResNet_CIFAR  

backbone.layer1.0.bn2.bias - torch.Size([64]): 
The value is the same before and after calling `init_weights` of ImageClassifier  

backbone.layer1.1.conv1.weight - torch.Size([64, 64, 3, 3]): 
KaimingInit: a=0, mode=fan_out, nonlinearity=relu, distribution =normal, bias=0 

backbone.layer1.1.bn1.weight - torch.Size([64]): 
The value is the same before and after calling `init_weights` of ImageClassifier  

backbone.layer1.1.bn1.bias - torch.Size([64]): 
The value is the same before and after calling `init_weights` of ImageClassifier  

backbone.layer1.1.conv2.weight - torch.Size([64, 64, 3, 3]): 
KaimingInit: a=0, mode=fan_out, nonlinearity=relu, distribution =normal, bias=0 

backbone.layer1.1.bn2.weight - torch.Size([64]): 
Initialized by user-defined `init_weights` in ResNet_CIFAR  

backbone.layer1.1.bn2.bias - torch.Size([64]): 
The value is the same before and after calling `init_weights` of ImageClassifier  

backbone.layer2.0.conv1.weight - torch.Size([128, 64, 3, 3]): 
KaimingInit: a=0, mode=fan_out, nonlinearity=relu, distribution =normal, bias=0 

backbone.layer2.0.bn1.weight - torch.Size([128]): 
The value is the same before and after calling `init_weights` of ImageClassifier  

backbone.layer2.0.bn1.bias - torch.Size([128]): 
The value is the same before and after calling `init_weights` of ImageClassifier  

backbone.layer2.0.conv2.weight - torch.Size([128, 128, 3, 3]): 
KaimingInit: a=0, mode=fan_out, nonlinearity=relu, distribution =normal, bias=0 

backbone.layer2.0.bn2.weight - torch.Size([128]): 
Initialized by user-defined `init_weights` in ResNet_CIFAR  

backbone.layer2.0.bn2.bias - torch.Size([128]): 
The value is the same before and after calling `init_weights` of ImageClassifier  

backbone.layer2.0.downsample.0.weight - torch.Size([128, 64, 1, 1]): 
KaimingInit: a=0, mode=fan_out, nonlinearity=relu, distribution =normal, bias=0 

backbone.layer2.0.downsample.1.weight - torch.Size([128]): 
The value is the same before and after calling `init_weights` of ImageClassifier  

backbone.layer2.0.downsample.1.bias - torch.Size([128]): 
The value is the same before and after calling `init_weights` of ImageClassifier  

backbone.layer2.1.conv1.weight - torch.Size([128, 128, 3, 3]): 
KaimingInit: a=0, mode=fan_out, nonlinearity=relu, distribution =normal, bias=0 

backbone.layer2.1.bn1.weight - torch.Size([128]): 
The value is the same before and after calling `init_weights` of ImageClassifier  

backbone.layer2.1.bn1.bias - torch.Size([128]): 
The value is the same before and after calling `init_weights` of ImageClassifier  

backbone.layer2.1.conv2.weight - torch.Size([128, 128, 3, 3]): 
KaimingInit: a=0, mode=fan_out, nonlinearity=relu, distribution =normal, bias=0 

backbone.layer2.1.bn2.weight - torch.Size([128]): 
Initialized by user-defined `init_weights` in ResNet_CIFAR  

backbone.layer2.1.bn2.bias - torch.Size([128]): 
The value is the same before and after calling `init_weights` of ImageClassifier  

backbone.layer3.0.conv1.weight - torch.Size([256, 128, 3, 3]): 
KaimingInit: a=0, mode=fan_out, nonlinearity=relu, distribution =normal, bias=0 

backbone.layer3.0.bn1.weight - torch.Size([256]): 
The value is the same before and after calling `init_weights` of ImageClassifier  

backbone.layer3.0.bn1.bias - torch.Size([256]): 
The value is the same before and after calling `init_weights` of ImageClassifier  

backbone.layer3.0.conv2.weight - torch.Size([256, 256, 3, 3]): 
KaimingInit: a=0, mode=fan_out, nonlinearity=relu, distribution =normal, bias=0 

backbone.layer3.0.bn2.weight - torch.Size([256]): 
Initialized by user-defined `init_weights` in ResNet_CIFAR  

backbone.layer3.0.bn2.bias - torch.Size([256]): 
The value is the same before and after calling `init_weights` of ImageClassifier  

backbone.layer3.0.downsample.0.weight - torch.Size([256, 128, 1, 1]): 
KaimingInit: a=0, mode=fan_out, nonlinearity=relu, distribution =normal, bias=0 

backbone.layer3.0.downsample.1.weight - torch.Size([256]): 
The value is the same before and after calling `init_weights` of ImageClassifier  

backbone.layer3.0.downsample.1.bias - torch.Size([256]): 
The value is the same before and after calling `init_weights` of ImageClassifier  

backbone.layer3.1.conv1.weight - torch.Size([256, 256, 3, 3]): 
KaimingInit: a=0, mode=fan_out, nonlinearity=relu, distribution =normal, bias=0 

backbone.layer3.1.bn1.weight - torch.Size([256]): 
The value is the same before and after calling `init_weights` of ImageClassifier  

backbone.layer3.1.bn1.bias - torch.Size([256]): 
The value is the same before and after calling `init_weights` of ImageClassifier  

backbone.layer3.1.conv2.weight - torch.Size([256, 256, 3, 3]): 
KaimingInit: a=0, mode=fan_out, nonlinearity=relu, distribution =normal, bias=0 

backbone.layer3.1.bn2.weight - torch.Size([256]): 
Initialized by user-defined `init_weights` in ResNet_CIFAR  

backbone.layer3.1.bn2.bias - torch.Size([256]): 
The value is the same before and after calling `init_weights` of ImageClassifier  

backbone.layer4.0.conv1.weight - torch.Size([512, 256, 3, 3]): 
KaimingInit: a=0, mode=fan_out, nonlinearity=relu, distribution =normal, bias=0 

backbone.layer4.0.bn1.weight - torch.Size([512]): 
The value is the same before and after calling `init_weights` of ImageClassifier  

backbone.layer4.0.bn1.bias - torch.Size([512]): 
The value is the same before and after calling `init_weights` of ImageClassifier  

backbone.layer4.0.conv2.weight - torch.Size([512, 512, 3, 3]): 
KaimingInit: a=0, mode=fan_out, nonlinearity=relu, distribution =normal, bias=0 

backbone.layer4.0.bn2.weight - torch.Size([512]): 
Initialized by user-defined `init_weights` in ResNet_CIFAR  

backbone.layer4.0.bn2.bias - torch.Size([512]): 
The value is the same before and after calling `init_weights` of ImageClassifier  

backbone.layer4.0.downsample.0.weight - torch.Size([512, 256, 1, 1]): 
KaimingInit: a=0, mode=fan_out, nonlinearity=relu, distribution =normal, bias=0 

backbone.layer4.0.downsample.1.weight - torch.Size([512]): 
The value is the same before and after calling `init_weights` of ImageClassifier  

backbone.layer4.0.downsample.1.bias - torch.Size([512]): 
The value is the same before and after calling `init_weights` of ImageClassifier  

backbone.layer4.1.conv1.weight - torch.Size([512, 512, 3, 3]): 
KaimingInit: a=0, mode=fan_out, nonlinearity=relu, distribution =normal, bias=0 

backbone.layer4.1.bn1.weight - torch.Size([512]): 
The value is the same before and after calling `init_weights` of ImageClassifier  

backbone.layer4.1.bn1.bias - torch.Size([512]): 
The value is the same before and after calling `init_weights` of ImageClassifier  

backbone.layer4.1.conv2.weight - torch.Size([512, 512, 3, 3]): 
KaimingInit: a=0, mode=fan_out, nonlinearity=relu, distribution =normal, bias=0 

backbone.layer4.1.bn2.weight - torch.Size([512]): 
Initialized by user-defined `init_weights` in ResNet_CIFAR  

backbone.layer4.1.bn2.bias - torch.Size([512]): 
The value is the same before and after calling `init_weights` of ImageClassifier  

head.fc.weight - torch.Size([10, 512]): 
NormalInit: mean=0, std=0.01, bias=0 

head.fc.bias - torch.Size([10]): 
NormalInit: mean=0, std=0.01, bias=0 
2023-02-05 22:15:08,540 - mmcls - INFO - Start running, host: wangguocun@wangguocun-MS-S1361, work_dir: /home/wangguocun/mmclassification/work_dirs/resnet18_8xb16_cifar10
2023-02-05 22:15:08,541 - mmcls - INFO - Hooks will be executed in the following order:
before_run:
(VERY_HIGH   ) StepLrUpdaterHook                  
(NORMAL      ) CheckpointHook                     
(LOW         ) EvalHook                           
(VERY_LOW    ) TextLoggerHook                     
 -------------------- 
before_train_epoch:
(VERY_HIGH   ) StepLrUpdaterHook                  
(LOW         ) IterTimerHook                      
(LOW         ) EvalHook                           
(VERY_LOW    ) TextLoggerHook                     
 -------------------- 
before_train_iter:
(VERY_HIGH   ) StepLrUpdaterHook                  
(LOW         ) IterTimerHook                      
(LOW         ) EvalHook                           
 -------------------- 
after_train_iter:
(ABOVE_NORMAL) OptimizerHook                      
(NORMAL      ) CheckpointHook                     
(LOW         ) IterTimerHook                      
(LOW         ) EvalHook                           
(VERY_LOW    ) TextLoggerHook                     
 -------------------- 
after_train_epoch:
(NORMAL      ) CheckpointHook                     
(LOW         ) EvalHook                           
(VERY_LOW    ) TextLoggerHook                     
 -------------------- 
before_val_epoch:
(LOW         ) IterTimerHook                      
(VERY_LOW    ) TextLoggerHook                     
 -------------------- 
before_val_iter:
(LOW         ) IterTimerHook                      
 -------------------- 
after_val_iter:
(LOW         ) IterTimerHook                      
 -------------------- 
after_val_epoch:
(VERY_LOW    ) TextLoggerHook                     
 -------------------- 
after_run:
(VERY_LOW    ) TextLoggerHook                     
 -------------------- 
2023-02-05 22:15:08,541 - mmcls - INFO - workflow: [('train', 1)], max: 100 epochs
2023-02-05 22:15:08,541 - mmcls - INFO - Checkpoints will be saved to /home/wangguocun/mmclassification/work_dirs/resnet18_8xb16_cifar10 by HardDiskBackend.
2023-02-05 22:15:19,076 - mmcls - INFO - Epoch [1][100/391]	lr: 1.000e-01, eta: 1:08:05, time: 0.105, data_time: 0.033, memory: 1044, loss: 2.0224
2023-02-05 22:15:25,245 - mmcls - INFO - Epoch [1][200/391]	lr: 1.000e-01, eta: 0:54:04, time: 0.062, data_time: 0.003, memory: 1044, loss: 1.7705
2023-02-05 22:15:31,574 - mmcls - INFO - Epoch [1][300/391]	lr: 1.000e-01, eta: 0:49:35, time: 0.063, data_time: 0.003, memory: 1044, loss: 1.5790
2023-02-05 22:15:40,156 - mmcls - INFO - Epoch(val) [1][79]	accuracy_top-1: 47.5000, accuracy_top-5: 93.8200
2023-02-05 22:15:48,715 - mmcls - INFO - Epoch [2][100/391]	lr: 1.000e-01, eta: 0:41:19, time: 0.085, data_time: 0.022, memory: 1044, loss: 1.3205
2023-02-05 22:15:55,024 - mmcls - INFO - Epoch [2][200/391]	lr: 1.000e-01, eta: 0:41:05, time: 0.063, data_time: 0.002, memory: 1044, loss: 1.1940
2023-02-05 22:16:01,510 - mmcls - INFO - Epoch [2][300/391]	lr: 1.000e-01, eta: 0:41:01, time: 0.064, data_time: 0.002, memory: 1044, loss: 1.0823
2023-02-05 22:16:09,435 - mmcls - INFO - Epoch(val) [2][79]	accuracy_top-1: 63.2900, accuracy_top-5: 96.9100
2023-02-05 22:16:18,084 - mmcls - INFO - Epoch [3][100/391]	lr: 1.000e-01, eta: 0:38:12, time: 0.086, data_time: 0.022, memory: 1044, loss: 0.9473
2023-02-05 22:16:24,587 - mmcls - INFO - Epoch [3][200/391]	lr: 1.000e-01, eta: 0:38:26, time: 0.065, data_time: 0.002, memory: 1044, loss: 0.9045
2023-02-05 22:16:30,948 - mmcls - INFO - Epoch [3][300/391]	lr: 1.000e-01, eta: 0:38:29, time: 0.063, data_time: 0.002, memory: 1044, loss: 0.8588
2023-02-05 22:16:38,890 - mmcls - INFO - Epoch(val) [3][79]	accuracy_top-1: 69.3400, accuracy_top-5: 98.0300
2023-02-05 22:16:47,689 - mmcls - INFO - Epoch [4][100/391]	lr: 1.000e-01, eta: 0:36:53, time: 0.088, data_time: 0.021, memory: 1044, loss: 0.7514
2023-02-05 22:16:54,255 - mmcls - INFO - Epoch [4][200/391]	lr: 1.000e-01, eta: 0:37:07, time: 0.066, data_time: 0.001, memory: 1044, loss: 0.7510
2023-02-05 22:17:00,686 - mmcls - INFO - Epoch [4][300/391]	lr: 1.000e-01, eta: 0:37:15, time: 0.064, data_time: 0.002, memory: 1044, loss: 0.6986
2023-02-05 22:17:08,501 - mmcls - INFO - Epoch(val) [4][79]	accuracy_top-1: 68.3500, accuracy_top-5: 97.5600
2023-02-05 22:17:17,017 - mmcls - INFO - Epoch [5][100/391]	lr: 1.000e-01, eta: 0:35:58, time: 0.084, data_time: 0.024, memory: 1044, loss: 0.6266
2023-02-05 22:17:23,530 - mmcls - INFO - Epoch [5][200/391]	lr: 1.000e-01, eta: 0:36:09, time: 0.066, data_time: 0.003, memory: 1044, loss: 0.6166
2023-02-05 22:17:29,849 - mmcls - INFO - Epoch [5][300/391]	lr: 1.000e-01, eta: 0:36:13, time: 0.063, data_time: 0.002, memory: 1044, loss: 0.6083
2023-02-05 22:17:37,571 - mmcls - INFO - Epoch(val) [5][79]	accuracy_top-1: 73.0700, accuracy_top-5: 98.4100
2023-02-05 22:17:46,053 - mmcls - INFO - Epoch [6][100/391]	lr: 1.000e-01, eta: 0:35:14, time: 0.084, data_time: 0.023, memory: 1044, loss: 0.5496
2023-02-05 22:17:52,252 - mmcls - INFO - Epoch [6][200/391]	lr: 1.000e-01, eta: 0:35:16, time: 0.062, data_time: 0.002, memory: 1044, loss: 0.5311
2023-02-05 22:17:58,564 - mmcls - INFO - Epoch [6][300/391]	lr: 1.000e-01, eta: 0:35:20, time: 0.063, data_time: 0.001, memory: 1044, loss: 0.5519
2023-02-05 22:18:06,407 - mmcls - INFO - Epoch(val) [6][79]	accuracy_top-1: 78.1300, accuracy_top-5: 98.9300
2023-02-05 22:18:14,846 - mmcls - INFO - Epoch [7][100/391]	lr: 1.000e-01, eta: 0:34:31, time: 0.084, data_time: 0.024, memory: 1044, loss: 0.4849
2023-02-05 22:18:21,141 - mmcls - INFO - Epoch [7][200/391]	lr: 1.000e-01, eta: 0:34:33, time: 0.062, data_time: 0.002, memory: 1044, loss: 0.4870
2023-02-05 22:18:27,521 - mmcls - INFO - Epoch [7][300/391]	lr: 1.000e-01, eta: 0:34:38, time: 0.064, data_time: 0.002, memory: 1044, loss: 0.4841
2023-02-05 22:18:35,323 - mmcls - INFO - Epoch(val) [7][79]	accuracy_top-1: 80.4800, accuracy_top-5: 98.8800
2023-02-05 22:18:43,862 - mmcls - INFO - Epoch [8][100/391]	lr: 1.000e-01, eta: 0:33:57, time: 0.085, data_time: 0.022, memory: 1044, loss: 0.4279
2023-02-05 22:18:50,219 - mmcls - INFO - Epoch [8][200/391]	lr: 1.000e-01, eta: 0:34:00, time: 0.064, data_time: 0.001, memory: 1044, loss: 0.4322
2023-02-05 22:18:56,741 - mmcls - INFO - Epoch [8][300/391]	lr: 1.000e-01, eta: 0:34:05, time: 0.065, data_time: 0.001, memory: 1044, loss: 0.4438
2023-02-05 22:19:04,703 - mmcls - INFO - Epoch(val) [8][79]	accuracy_top-1: 82.8100, accuracy_top-5: 99.2400
2023-02-05 22:19:13,176 - mmcls - INFO - Epoch [9][100/391]	lr: 1.000e-01, eta: 0:33:28, time: 0.084, data_time: 0.023, memory: 1044, loss: 0.3946
2023-02-05 22:19:19,329 - mmcls - INFO - Epoch [9][200/391]	lr: 1.000e-01, eta: 0:33:28, time: 0.061, data_time: 0.002, memory: 1044, loss: 0.4178
2023-02-05 22:19:25,753 - mmcls - INFO - Epoch [9][300/391]	lr: 1.000e-01, eta: 0:33:30, time: 0.064, data_time: 0.002, memory: 1044, loss: 0.3956
2023-02-05 22:19:33,649 - mmcls - INFO - Epoch(val) [9][79]	accuracy_top-1: 85.5000, accuracy_top-5: 99.3700
2023-02-05 22:19:42,282 - mmcls - INFO - Epoch [10][100/391]	lr: 1.000e-01, eta: 0:32:59, time: 0.086, data_time: 0.023, memory: 1044, loss: 0.3649
2023-02-05 22:19:48,571 - mmcls - INFO - Epoch [10][200/391]	lr: 1.000e-01, eta: 0:33:00, time: 0.063, data_time: 0.002, memory: 1044, loss: 0.3763
2023-02-05 22:19:54,955 - mmcls - INFO - Epoch [10][300/391]	lr: 1.000e-01, eta: 0:33:01, time: 0.064, data_time: 0.001, memory: 1044, loss: 0.3683
2023-02-05 22:20:02,775 - mmcls - INFO - Epoch(val) [10][79]	accuracy_top-1: 84.6400, accuracy_top-5: 99.4000
2023-02-05 22:20:11,088 - mmcls - INFO - Epoch [11][100/391]	lr: 1.000e-01, eta: 0:32:29, time: 0.083, data_time: 0.023, memory: 1044, loss: 0.3283
2023-02-05 22:20:17,532 - mmcls - INFO - Epoch [11][200/391]	lr: 1.000e-01, eta: 0:32:31, time: 0.064, data_time: 0.003, memory: 1044, loss: 0.3550
2023-02-05 22:20:23,647 - mmcls - INFO - Epoch [11][300/391]	lr: 1.000e-01, eta: 0:32:30, time: 0.061, data_time: 0.002, memory: 1044, loss: 0.3622
2023-02-05 22:20:31,325 - mmcls - INFO - Epoch(val) [11][79]	accuracy_top-1: 86.3200, accuracy_top-5: 99.5400
2023-02-05 22:20:39,688 - mmcls - INFO - Epoch [12][100/391]	lr: 1.000e-01, eta: 0:32:01, time: 0.083, data_time: 0.023, memory: 1044, loss: 0.3095
2023-02-05 22:20:45,703 - mmcls - INFO - Epoch [12][200/391]	lr: 1.000e-01, eta: 0:31:59, time: 0.060, data_time: 0.002, memory: 1044, loss: 0.3350
2023-02-05 22:20:52,023 - mmcls - INFO - Epoch [12][300/391]	lr: 1.000e-01, eta: 0:31:59, time: 0.063, data_time: 0.002, memory: 1044, loss: 0.3227
2023-02-05 22:20:59,475 - mmcls - INFO - Epoch(val) [12][79]	accuracy_top-1: 84.0300, accuracy_top-5: 99.2000
2023-02-05 22:21:08,001 - mmcls - INFO - Epoch [13][100/391]	lr: 1.000e-01, eta: 0:31:33, time: 0.085, data_time: 0.023, memory: 1044, loss: 0.2897
2023-02-05 22:21:13,877 - mmcls - INFO - Epoch [13][200/391]	lr: 1.000e-01, eta: 0:31:30, time: 0.059, data_time: 0.002, memory: 1044, loss: 0.3108
2023-02-05 22:21:20,215 - mmcls - INFO - Epoch [13][300/391]	lr: 1.000e-01, eta: 0:31:30, time: 0.063, data_time: 0.002, memory: 1044, loss: 0.3018
2023-02-05 22:21:27,521 - mmcls - INFO - Epoch(val) [13][79]	accuracy_top-1: 85.2300, accuracy_top-5: 99.5000
2023-02-05 22:21:35,592 - mmcls - INFO - Epoch [14][100/391]	lr: 1.000e-01, eta: 0:31:03, time: 0.080, data_time: 0.023, memory: 1044, loss: 0.2766
2023-02-05 22:21:41,439 - mmcls - INFO - Epoch [14][200/391]	lr: 1.000e-01, eta: 0:31:00, time: 0.058, data_time: 0.002, memory: 1044, loss: 0.2871
2023-02-05 22:21:47,859 - mmcls - INFO - Epoch [14][300/391]	lr: 1.000e-01, eta: 0:31:00, time: 0.064, data_time: 0.002, memory: 1044, loss: 0.2852
2023-02-05 22:21:55,209 - mmcls - INFO - Epoch(val) [14][79]	accuracy_top-1: 84.4700, accuracy_top-5: 99.3100
2023-02-05 22:22:03,335 - mmcls - INFO - Epoch [15][100/391]	lr: 1.000e-01, eta: 0:30:35, time: 0.081, data_time: 0.025, memory: 1044, loss: 0.2524
2023-02-05 22:22:09,727 - mmcls - INFO - Epoch [15][200/391]	lr: 1.000e-01, eta: 0:30:35, time: 0.064, data_time: 0.002, memory: 1044, loss: 0.2697
2023-02-05 22:22:15,698 - mmcls - INFO - Epoch [15][300/391]	lr: 1.000e-01, eta: 0:30:32, time: 0.060, data_time: 0.002, memory: 1044, loss: 0.2795
2023-02-05 22:22:23,395 - mmcls - INFO - Epoch(val) [15][79]	accuracy_top-1: 87.1700, accuracy_top-5: 99.5800
2023-02-05 22:22:31,677 - mmcls - INFO - Epoch [16][100/391]	lr: 1.000e-01, eta: 0:30:09, time: 0.083, data_time: 0.023, memory: 1044, loss: 0.2555
2023-02-05 22:22:37,907 - mmcls - INFO - Epoch [16][200/391]	lr: 1.000e-01, eta: 0:30:08, time: 0.062, data_time: 0.002, memory: 1044, loss: 0.2409
2023-02-05 22:22:44,339 - mmcls - INFO - Epoch [16][300/391]	lr: 1.000e-01, eta: 0:30:08, time: 0.064, data_time: 0.002, memory: 1044, loss: 0.2636
2023-02-05 22:22:52,007 - mmcls - INFO - Epoch(val) [16][79]	accuracy_top-1: 87.6700, accuracy_top-5: 99.5900
2023-02-05 22:23:00,410 - mmcls - INFO - Epoch [17][100/391]	lr: 1.000e-01, eta: 0:29:46, time: 0.084, data_time: 0.022, memory: 1044, loss: 0.2284
2023-02-05 22:23:06,799 - mmcls - INFO - Epoch [17][200/391]	lr: 1.000e-01, eta: 0:29:45, time: 0.064, data_time: 0.002, memory: 1044, loss: 0.2521
2023-02-05 22:23:13,183 - mmcls - INFO - Epoch [17][300/391]	lr: 1.000e-01, eta: 0:29:44, time: 0.064, data_time: 0.002, memory: 1044, loss: 0.2464
2023-02-05 22:23:20,605 - mmcls - INFO - Epoch(val) [17][79]	accuracy_top-1: 86.6500, accuracy_top-5: 99.4600
2023-02-05 22:23:29,201 - mmcls - INFO - Epoch [18][100/391]	lr: 1.000e-01, eta: 0:29:25, time: 0.085, data_time: 0.022, memory: 1044, loss: 0.2265
2023-02-05 22:23:35,643 - mmcls - INFO - Epoch [18][200/391]	lr: 1.000e-01, eta: 0:29:24, time: 0.065, data_time: 0.002, memory: 1044, loss: 0.2323
2023-02-05 22:23:42,023 - mmcls - INFO - Epoch [18][300/391]	lr: 1.000e-01, eta: 0:29:23, time: 0.064, data_time: 0.002, memory: 1044, loss: 0.2542
2023-02-05 22:23:49,859 - mmcls - INFO - Epoch(val) [18][79]	accuracy_top-1: 87.4800, accuracy_top-5: 99.6200
2023-02-05 22:23:58,335 - mmcls - INFO - Epoch [19][100/391]	lr: 1.000e-01, eta: 0:29:03, time: 0.085, data_time: 0.023, memory: 1044, loss: 0.2022
2023-02-05 22:24:04,684 - mmcls - INFO - Epoch [19][200/391]	lr: 1.000e-01, eta: 0:29:02, time: 0.063, data_time: 0.001, memory: 1044, loss: 0.2331
2023-02-05 22:24:10,984 - mmcls - INFO - Epoch [19][300/391]	lr: 1.000e-01, eta: 0:29:00, time: 0.063, data_time: 0.002, memory: 1044, loss: 0.2272
2023-02-05 22:24:18,719 - mmcls - INFO - Epoch(val) [19][79]	accuracy_top-1: 87.8100, accuracy_top-5: 99.6900
2023-02-05 22:24:26,750 - mmcls - INFO - Epoch [20][100/391]	lr: 1.000e-01, eta: 0:28:39, time: 0.080, data_time: 0.023, memory: 1044, loss: 0.2085
2023-02-05 22:24:33,155 - mmcls - INFO - Epoch [20][200/391]	lr: 1.000e-01, eta: 0:28:37, time: 0.064, data_time: 0.002, memory: 1044, loss: 0.2105
2023-02-05 22:24:39,048 - mmcls - INFO - Epoch [20][300/391]	lr: 1.000e-01, eta: 0:28:34, time: 0.059, data_time: 0.002, memory: 1044, loss: 0.2203
2023-02-05 22:24:46,759 - mmcls - INFO - Epoch(val) [20][79]	accuracy_top-1: 87.2100, accuracy_top-5: 99.4400
2023-02-05 22:24:55,363 - mmcls - INFO - Epoch [21][100/391]	lr: 1.000e-01, eta: 0:28:16, time: 0.086, data_time: 0.025, memory: 1044, loss: 0.1831
2023-02-05 22:25:01,440 - mmcls - INFO - Epoch [21][200/391]	lr: 1.000e-01, eta: 0:28:13, time: 0.061, data_time: 0.002, memory: 1044, loss: 0.1990
2023-02-05 22:25:07,715 - mmcls - INFO - Epoch [21][300/391]	lr: 1.000e-01, eta: 0:28:11, time: 0.063, data_time: 0.002, memory: 1044, loss: 0.2244
2023-02-05 22:25:15,446 - mmcls - INFO - Epoch(val) [21][79]	accuracy_top-1: 88.3500, accuracy_top-5: 99.5700
2023-02-05 22:25:23,804 - mmcls - INFO - Epoch [22][100/391]	lr: 1.000e-01, eta: 0:27:52, time: 0.083, data_time: 0.023, memory: 1044, loss: 0.1752
2023-02-05 22:25:30,219 - mmcls - INFO - Epoch [22][200/391]	lr: 1.000e-01, eta: 0:27:51, time: 0.064, data_time: 0.003, memory: 1044, loss: 0.2001
2023-02-05 22:25:36,701 - mmcls - INFO - Epoch [22][300/391]	lr: 1.000e-01, eta: 0:27:49, time: 0.065, data_time: 0.001, memory: 1044, loss: 0.1987
2023-02-05 22:25:44,432 - mmcls - INFO - Epoch(val) [22][79]	accuracy_top-1: 87.7500, accuracy_top-5: 99.5800
2023-02-05 22:25:51,759 - mmcls - INFO - Epoch [23][100/391]	lr: 1.000e-01, eta: 0:27:27, time: 0.073, data_time: 0.022, memory: 1044, loss: 0.1848
2023-02-05 22:25:57,089 - mmcls - INFO - Epoch [23][200/391]	lr: 1.000e-01, eta: 0:27:22, time: 0.053, data_time: 0.001, memory: 1044, loss: 0.1796
2023-02-05 22:26:02,444 - mmcls - INFO - Epoch [23][300/391]	lr: 1.000e-01, eta: 0:27:16, time: 0.054, data_time: 0.002, memory: 1044, loss: 0.1931
2023-02-05 22:26:12,435 - mmcls - INFO - Epoch(val) [23][79]	accuracy_top-1: 86.0800, accuracy_top-5: 99.4800
2023-02-05 22:26:23,480 - mmcls - INFO - Epoch [24][100/391]	lr: 1.000e-01, eta: 0:27:08, time: 0.110, data_time: 0.023, memory: 1044, loss: 0.1786
2023-02-05 22:26:32,429 - mmcls - INFO - Epoch [24][200/391]	lr: 1.000e-01, eta: 0:27:14, time: 0.090, data_time: 0.003, memory: 1044, loss: 0.1793
2023-02-05 22:26:41,592 - mmcls - INFO - Epoch [24][300/391]	lr: 1.000e-01, eta: 0:27:20, time: 0.091, data_time: 0.002, memory: 1044, loss: 0.1998
2023-02-05 22:26:52,265 - mmcls - INFO - Epoch(val) [24][79]	accuracy_top-1: 88.5500, accuracy_top-5: 99.5800
2023-02-05 22:27:03,751 - mmcls - INFO - Epoch [25][100/391]	lr: 1.000e-01, eta: 0:27:13, time: 0.114, data_time: 0.022, memory: 1044, loss: 0.1718
2023-02-05 22:27:13,173 - mmcls - INFO - Epoch [25][200/391]	lr: 1.000e-01, eta: 0:27:19, time: 0.094, data_time: 0.001, memory: 1044, loss: 0.1761
2023-02-05 22:27:22,633 - mmcls - INFO - Epoch [25][300/391]	lr: 1.000e-01, eta: 0:27:25, time: 0.095, data_time: 0.001, memory: 1044, loss: 0.1980
2023-02-05 22:27:33,342 - mmcls - INFO - Epoch(val) [25][79]	accuracy_top-1: 88.9500, accuracy_top-5: 99.6600
2023-02-05 22:27:44,888 - mmcls - INFO - Epoch [26][100/391]	lr: 1.000e-01, eta: 0:27:17, time: 0.115, data_time: 0.021, memory: 1044, loss: 0.1459
2023-02-05 22:27:54,322 - mmcls - INFO - Epoch [26][200/391]	lr: 1.000e-01, eta: 0:27:23, time: 0.095, data_time: 0.001, memory: 1044, loss: 0.1863
2023-02-05 22:28:03,850 - mmcls - INFO - Epoch [26][300/391]	lr: 1.000e-01, eta: 0:27:28, time: 0.095, data_time: 0.001, memory: 1044, loss: 0.1723
2023-02-05 22:28:14,584 - mmcls - INFO - Epoch(val) [26][79]	accuracy_top-1: 88.5400, accuracy_top-5: 99.6600
2023-02-05 22:28:26,067 - mmcls - INFO - Epoch [27][100/391]	lr: 1.000e-01, eta: 0:27:19, time: 0.114, data_time: 0.021, memory: 1044, loss: 0.1638
2023-02-05 22:28:35,537 - mmcls - INFO - Epoch [27][200/391]	lr: 1.000e-01, eta: 0:27:24, time: 0.095, data_time: 0.001, memory: 1044, loss: 0.1734
2023-02-05 22:28:44,920 - mmcls - INFO - Epoch [27][300/391]	lr: 1.000e-01, eta: 0:27:28, time: 0.094, data_time: 0.001, memory: 1044, loss: 0.1760
2023-02-05 22:28:55,755 - mmcls - INFO - Epoch(val) [27][79]	accuracy_top-1: 86.4200, accuracy_top-5: 99.4400
2023-02-05 22:29:07,318 - mmcls - INFO - Epoch [28][100/391]	lr: 1.000e-01, eta: 0:27:19, time: 0.115, data_time: 0.022, memory: 1044, loss: 0.1454
2023-02-05 22:29:16,863 - mmcls - INFO - Epoch [28][200/391]	lr: 1.000e-01, eta: 0:27:23, time: 0.096, data_time: 0.001, memory: 1044, loss: 0.1781
2023-02-05 22:29:26,191 - mmcls - INFO - Epoch [28][300/391]	lr: 1.000e-01, eta: 0:27:26, time: 0.093, data_time: 0.001, memory: 1044, loss: 0.1804
2023-02-05 22:29:36,946 - mmcls - INFO - Epoch(val) [28][79]	accuracy_top-1: 89.5600, accuracy_top-5: 99.6800
2023-02-05 22:29:48,395 - mmcls - INFO - Epoch [29][100/391]	lr: 1.000e-01, eta: 0:27:16, time: 0.114, data_time: 0.022, memory: 1044, loss: 0.1578
2023-02-05 22:29:57,805 - mmcls - INFO - Epoch [29][200/391]	lr: 1.000e-01, eta: 0:27:19, time: 0.094, data_time: 0.001, memory: 1044, loss: 0.1594
2023-02-05 22:30:07,178 - mmcls - INFO - Epoch [29][300/391]	lr: 1.000e-01, eta: 0:27:22, time: 0.094, data_time: 0.001, memory: 1044, loss: 0.1618
2023-02-05 22:30:17,944 - mmcls - INFO - Epoch(val) [29][79]	accuracy_top-1: 89.7900, accuracy_top-5: 99.7300
2023-02-05 22:30:29,418 - mmcls - INFO - Epoch [30][100/391]	lr: 1.000e-01, eta: 0:27:11, time: 0.114, data_time: 0.021, memory: 1044, loss: 0.1420
2023-02-05 22:30:38,886 - mmcls - INFO - Epoch [30][200/391]	lr: 1.000e-01, eta: 0:27:13, time: 0.095, data_time: 0.001, memory: 1044, loss: 0.1457
2023-02-05 22:30:48,313 - mmcls - INFO - Epoch [30][300/391]	lr: 1.000e-01, eta: 0:27:16, time: 0.094, data_time: 0.001, memory: 1044, loss: 0.1723
2023-02-05 22:30:58,898 - mmcls - INFO - Epoch(val) [30][79]	accuracy_top-1: 89.7600, accuracy_top-5: 99.6200
2023-02-05 22:31:10,125 - mmcls - INFO - Epoch [31][100/391]	lr: 1.000e-01, eta: 0:27:04, time: 0.112, data_time: 0.021, memory: 1044, loss: 0.1333
2023-02-05 22:31:19,593 - mmcls - INFO - Epoch [31][200/391]	lr: 1.000e-01, eta: 0:27:06, time: 0.095, data_time: 0.001, memory: 1044, loss: 0.1593
2023-02-05 22:31:29,161 - mmcls - INFO - Epoch [31][300/391]	lr: 1.000e-01, eta: 0:27:08, time: 0.095, data_time: 0.001, memory: 1044, loss: 0.1547
2023-02-05 22:31:39,849 - mmcls - INFO - Epoch(val) [31][79]	accuracy_top-1: 87.4600, accuracy_top-5: 99.5500
2023-02-05 22:31:51,312 - mmcls - INFO - Epoch [32][100/391]	lr: 1.000e-01, eta: 0:26:56, time: 0.114, data_time: 0.022, memory: 1044, loss: 0.1567
2023-02-05 22:32:00,568 - mmcls - INFO - Epoch [32][200/391]	lr: 1.000e-01, eta: 0:26:57, time: 0.093, data_time: 0.001, memory: 1044, loss: 0.1461
2023-02-05 22:32:09,778 - mmcls - INFO - Epoch [32][300/391]	lr: 1.000e-01, eta: 0:26:58, time: 0.092, data_time: 0.001, memory: 1044, loss: 0.1448
2023-02-05 22:32:20,565 - mmcls - INFO - Epoch(val) [32][79]	accuracy_top-1: 89.2000, accuracy_top-5: 99.6600
2023-02-05 22:32:32,039 - mmcls - INFO - Epoch [33][100/391]	lr: 1.000e-01, eta: 0:26:46, time: 0.114, data_time: 0.022, memory: 1044, loss: 0.1281
2023-02-05 22:32:41,565 - mmcls - INFO - Epoch [33][200/391]	lr: 1.000e-01, eta: 0:26:47, time: 0.095, data_time: 0.001, memory: 1044, loss: 0.1367
2023-02-05 22:32:50,884 - mmcls - INFO - Epoch [33][300/391]	lr: 1.000e-01, eta: 0:26:48, time: 0.094, data_time: 0.001, memory: 1044, loss: 0.1574
2023-02-05 22:33:01,575 - mmcls - INFO - Epoch(val) [33][79]	accuracy_top-1: 87.6100, accuracy_top-5: 99.4600
2023-02-05 22:33:12,766 - mmcls - INFO - Epoch [34][100/391]	lr: 1.000e-01, eta: 0:26:35, time: 0.112, data_time: 0.021, memory: 1044, loss: 0.1388
2023-02-05 22:33:22,325 - mmcls - INFO - Epoch [34][200/391]	lr: 1.000e-01, eta: 0:26:36, time: 0.095, data_time: 0.001, memory: 1044, loss: 0.1505
2023-02-05 22:33:31,651 - mmcls - INFO - Epoch [34][300/391]	lr: 1.000e-01, eta: 0:26:36, time: 0.093, data_time: 0.001, memory: 1044, loss: 0.1615
2023-02-05 22:33:42,533 - mmcls - INFO - Epoch(val) [34][79]	accuracy_top-1: 88.3800, accuracy_top-5: 99.5100
2023-02-05 22:33:53,713 - mmcls - INFO - Epoch [35][100/391]	lr: 1.000e-01, eta: 0:26:23, time: 0.111, data_time: 0.021, memory: 1044, loss: 0.1364
2023-02-05 22:34:03,380 - mmcls - INFO - Epoch [35][200/391]	lr: 1.000e-01, eta: 0:26:23, time: 0.097, data_time: 0.001, memory: 1044, loss: 0.1461
2023-02-05 22:34:12,904 - mmcls - INFO - Epoch [35][300/391]	lr: 1.000e-01, eta: 0:26:23, time: 0.095, data_time: 0.001, memory: 1044, loss: 0.1432
2023-02-05 22:34:23,684 - mmcls - INFO - Epoch(val) [35][79]	accuracy_top-1: 89.3800, accuracy_top-5: 99.6700
2023-02-05 22:34:35,352 - mmcls - INFO - Epoch [36][100/391]	lr: 1.000e-01, eta: 0:26:11, time: 0.116, data_time: 0.021, memory: 1044, loss: 0.1267
2023-02-05 22:34:44,795 - mmcls - INFO - Epoch [36][200/391]	lr: 1.000e-01, eta: 0:26:11, time: 0.094, data_time: 0.001, memory: 1044, loss: 0.1425
2023-02-05 22:34:54,164 - mmcls - INFO - Epoch [36][300/391]	lr: 1.000e-01, eta: 0:26:10, time: 0.094, data_time: 0.001, memory: 1044, loss: 0.1508
2023-02-05 22:35:05,039 - mmcls - INFO - Epoch(val) [36][79]	accuracy_top-1: 88.1900, accuracy_top-5: 99.6300
2023-02-05 22:35:16,397 - mmcls - INFO - Epoch [37][100/391]	lr: 1.000e-01, eta: 0:25:57, time: 0.113, data_time: 0.022, memory: 1044, loss: 0.1185
2023-02-05 22:35:25,781 - mmcls - INFO - Epoch [37][200/391]	lr: 1.000e-01, eta: 0:25:56, time: 0.094, data_time: 0.001, memory: 1044, loss: 0.1389
2023-02-05 22:35:35,336 - mmcls - INFO - Epoch [37][300/391]	lr: 1.000e-01, eta: 0:25:56, time: 0.096, data_time: 0.001, memory: 1044, loss: 0.1445
2023-02-05 22:35:46,000 - mmcls - INFO - Epoch(val) [37][79]	accuracy_top-1: 88.8900, accuracy_top-5: 99.5100
2023-02-05 22:35:57,524 - mmcls - INFO - Epoch [38][100/391]	lr: 1.000e-01, eta: 0:25:43, time: 0.115, data_time: 0.022, memory: 1044, loss: 0.1160
2023-02-05 22:36:06,944 - mmcls - INFO - Epoch [38][200/391]	lr: 1.000e-01, eta: 0:25:42, time: 0.094, data_time: 0.001, memory: 1044, loss: 0.1371
2023-02-05 22:36:16,389 - mmcls - INFO - Epoch [38][300/391]	lr: 1.000e-01, eta: 0:25:40, time: 0.094, data_time: 0.001, memory: 1044, loss: 0.1397
2023-02-05 22:36:26,765 - mmcls - INFO - Epoch(val) [38][79]	accuracy_top-1: 89.0700, accuracy_top-5: 99.7200
2023-02-05 22:36:38,120 - mmcls - INFO - Epoch [39][100/391]	lr: 1.000e-01, eta: 0:25:27, time: 0.113, data_time: 0.022, memory: 1044, loss: 0.1203
2023-02-05 22:36:47,517 - mmcls - INFO - Epoch [39][200/391]	lr: 1.000e-01, eta: 0:25:26, time: 0.094, data_time: 0.001, memory: 1044, loss: 0.1261
2023-02-05 22:36:56,920 - mmcls - INFO - Epoch [39][300/391]	lr: 1.000e-01, eta: 0:25:24, time: 0.094, data_time: 0.001, memory: 1044, loss: 0.1405
2023-02-05 22:37:07,443 - mmcls - INFO - Epoch(val) [39][79]	accuracy_top-1: 89.1200, accuracy_top-5: 99.6600
2023-02-05 22:37:18,567 - mmcls - INFO - Epoch [40][100/391]	lr: 1.000e-01, eta: 0:25:10, time: 0.111, data_time: 0.022, memory: 1044, loss: 0.1208
2023-02-05 22:37:27,930 - mmcls - INFO - Epoch [40][200/391]	lr: 1.000e-01, eta: 0:25:08, time: 0.094, data_time: 0.001, memory: 1044, loss: 0.1270
2023-02-05 22:37:37,468 - mmcls - INFO - Epoch [40][300/391]	lr: 1.000e-01, eta: 0:25:07, time: 0.095, data_time: 0.001, memory: 1044, loss: 0.1392
2023-02-05 22:37:48,309 - mmcls - INFO - Epoch(val) [40][79]	accuracy_top-1: 89.4400, accuracy_top-5: 99.7300
2023-02-05 22:37:59,631 - mmcls - INFO - Epoch [41][100/391]	lr: 1.000e-01, eta: 0:24:53, time: 0.113, data_time: 0.022, memory: 1044, loss: 0.1284
2023-02-05 22:38:09,004 - mmcls - INFO - Epoch [41][200/391]	lr: 1.000e-01, eta: 0:24:51, time: 0.094, data_time: 0.001, memory: 1044, loss: 0.1289
2023-02-05 22:38:18,081 - mmcls - INFO - Epoch [41][300/391]	lr: 1.000e-01, eta: 0:24:49, time: 0.091, data_time: 0.001, memory: 1044, loss: 0.1339
2023-02-05 22:38:28,737 - mmcls - INFO - Epoch(val) [41][79]	accuracy_top-1: 89.3800, accuracy_top-5: 99.5700
2023-02-05 22:38:40,276 - mmcls - INFO - Epoch [42][100/391]	lr: 1.000e-01, eta: 0:24:35, time: 0.115, data_time: 0.022, memory: 1044, loss: 0.1091
2023-02-05 22:38:49,446 - mmcls - INFO - Epoch [42][200/391]	lr: 1.000e-01, eta: 0:24:33, time: 0.092, data_time: 0.001, memory: 1044, loss: 0.1150
2023-02-05 22:38:58,691 - mmcls - INFO - Epoch [42][300/391]	lr: 1.000e-01, eta: 0:24:30, time: 0.092, data_time: 0.001, memory: 1044, loss: 0.1343
2023-02-05 22:39:09,233 - mmcls - INFO - Epoch(val) [42][79]	accuracy_top-1: 87.6600, accuracy_top-5: 99.4500
2023-02-05 22:39:20,553 - mmcls - INFO - Epoch [43][100/391]	lr: 1.000e-01, eta: 0:24:16, time: 0.112, data_time: 0.021, memory: 1044, loss: 0.1189
2023-02-05 22:39:29,826 - mmcls - INFO - Epoch [43][200/391]	lr: 1.000e-01, eta: 0:24:14, time: 0.093, data_time: 0.001, memory: 1044, loss: 0.1221
2023-02-05 22:39:39,327 - mmcls - INFO - Epoch [43][300/391]	lr: 1.000e-01, eta: 0:24:11, time: 0.095, data_time: 0.001, memory: 1044, loss: 0.1257
2023-02-05 22:39:50,088 - mmcls - INFO - Epoch(val) [43][79]	accuracy_top-1: 89.1400, accuracy_top-5: 99.5100
2023-02-05 22:40:01,282 - mmcls - INFO - Epoch [44][100/391]	lr: 1.000e-01, eta: 0:23:57, time: 0.111, data_time: 0.022, memory: 1044, loss: 0.1079
2023-02-05 22:40:10,833 - mmcls - INFO - Epoch [44][200/391]	lr: 1.000e-01, eta: 0:23:55, time: 0.095, data_time: 0.001, memory: 1044, loss: 0.1220
2023-02-05 22:40:19,922 - mmcls - INFO - Epoch [44][300/391]	lr: 1.000e-01, eta: 0:23:52, time: 0.091, data_time: 0.001, memory: 1044, loss: 0.1309
2023-02-05 22:40:30,641 - mmcls - INFO - Epoch(val) [44][79]	accuracy_top-1: 88.2300, accuracy_top-5: 99.3600
2023-02-05 22:40:41,972 - mmcls - INFO - Epoch [45][100/391]	lr: 1.000e-01, eta: 0:23:38, time: 0.113, data_time: 0.022, memory: 1044, loss: 0.1165
2023-02-05 22:40:51,201 - mmcls - INFO - Epoch [45][200/391]	lr: 1.000e-01, eta: 0:23:35, time: 0.093, data_time: 0.001, memory: 1044, loss: 0.1179
2023-02-05 22:41:00,635 - mmcls - INFO - Epoch [45][300/391]	lr: 1.000e-01, eta: 0:23:32, time: 0.094, data_time: 0.001, memory: 1044, loss: 0.1422
2023-02-05 22:41:11,226 - mmcls - INFO - Epoch(val) [45][79]	accuracy_top-1: 90.0700, accuracy_top-5: 99.6000
2023-02-05 22:41:22,491 - mmcls - INFO - Epoch [46][100/391]	lr: 1.000e-01, eta: 0:23:17, time: 0.112, data_time: 0.022, memory: 1044, loss: 0.1077
2023-02-05 22:41:31,988 - mmcls - INFO - Epoch [46][200/391]	lr: 1.000e-01, eta: 0:23:15, time: 0.095, data_time: 0.001, memory: 1044, loss: 0.1209
2023-02-05 22:41:41,442 - mmcls - INFO - Epoch [46][300/391]	lr: 1.000e-01, eta: 0:23:11, time: 0.094, data_time: 0.001, memory: 1044, loss: 0.1227
2023-02-05 22:41:51,902 - mmcls - INFO - Epoch(val) [46][79]	accuracy_top-1: 89.3500, accuracy_top-5: 99.6700
2023-02-05 22:42:03,207 - mmcls - INFO - Epoch [47][100/391]	lr: 1.000e-01, eta: 0:22:57, time: 0.112, data_time: 0.021, memory: 1044, loss: 0.1133
2023-02-05 22:42:12,854 - mmcls - INFO - Epoch [47][200/391]	lr: 1.000e-01, eta: 0:22:54, time: 0.097, data_time: 0.001, memory: 1044, loss: 0.1254
2023-02-05 22:42:22,390 - mmcls - INFO - Epoch [47][300/391]	lr: 1.000e-01, eta: 0:22:51, time: 0.095, data_time: 0.001, memory: 1044, loss: 0.1320
2023-02-05 22:42:33,135 - mmcls - INFO - Epoch(val) [47][79]	accuracy_top-1: 90.1500, accuracy_top-5: 99.6900
2023-02-05 22:42:44,503 - mmcls - INFO - Epoch [48][100/391]	lr: 1.000e-01, eta: 0:22:37, time: 0.113, data_time: 0.022, memory: 1044, loss: 0.1124
2023-02-05 22:42:53,613 - mmcls - INFO - Epoch [48][200/391]	lr: 1.000e-01, eta: 0:22:33, time: 0.091, data_time: 0.001, memory: 1044, loss: 0.1162
2023-02-05 22:43:02,957 - mmcls - INFO - Epoch [48][300/391]	lr: 1.000e-01, eta: 0:22:30, time: 0.093, data_time: 0.001, memory: 1044, loss: 0.1219
2023-02-05 22:43:13,671 - mmcls - INFO - Epoch(val) [48][79]	accuracy_top-1: 89.1500, accuracy_top-5: 99.5300
2023-02-05 22:43:24,922 - mmcls - INFO - Epoch [49][100/391]	lr: 1.000e-01, eta: 0:22:16, time: 0.112, data_time: 0.021, memory: 1044, loss: 0.0957
2023-02-05 22:43:34,134 - mmcls - INFO - Epoch [49][200/391]	lr: 1.000e-01, eta: 0:22:12, time: 0.092, data_time: 0.001, memory: 1044, loss: 0.1206
2023-02-05 22:43:43,611 - mmcls - INFO - Epoch [49][300/391]	lr: 1.000e-01, eta: 0:22:08, time: 0.094, data_time: 0.001, memory: 1044, loss: 0.1162
2023-02-05 22:43:54,155 - mmcls - INFO - Epoch(val) [49][79]	accuracy_top-1: 90.1500, accuracy_top-5: 99.6200
2023-02-05 22:44:05,696 - mmcls - INFO - Epoch [50][100/391]	lr: 1.000e-01, eta: 0:21:54, time: 0.115, data_time: 0.022, memory: 1044, loss: 0.1099
2023-02-05 22:44:14,965 - mmcls - INFO - Epoch [50][200/391]	lr: 1.000e-01, eta: 0:21:50, time: 0.093, data_time: 0.001, memory: 1044, loss: 0.1153
2023-02-05 22:44:24,072 - mmcls - INFO - Epoch [50][300/391]	lr: 1.000e-01, eta: 0:21:46, time: 0.091, data_time: 0.001, memory: 1044, loss: 0.1179
2023-02-05 22:44:32,526 - mmcls - INFO - Saving checkpoint at 50 epochs
2023-02-05 22:44:35,076 - mmcls - INFO - Epoch(val) [50][79]	accuracy_top-1: 88.8500, accuracy_top-5: 99.5400
2023-02-05 22:44:46,477 - mmcls - INFO - Epoch [51][100/391]	lr: 1.000e-01, eta: 0:21:32, time: 0.114, data_time: 0.022, memory: 1044, loss: 0.1015
2023-02-05 22:44:55,815 - mmcls - INFO - Epoch [51][200/391]	lr: 1.000e-01, eta: 0:21:28, time: 0.093, data_time: 0.001, memory: 1044, loss: 0.1151
2023-02-05 22:45:05,089 - mmcls - INFO - Epoch [51][300/391]	lr: 1.000e-01, eta: 0:21:24, time: 0.093, data_time: 0.001, memory: 1044, loss: 0.1304
2023-02-05 22:45:15,695 - mmcls - INFO - Epoch(val) [51][79]	accuracy_top-1: 89.3600, accuracy_top-5: 99.5600
2023-02-05 22:45:27,159 - mmcls - INFO - Epoch [52][100/391]	lr: 1.000e-01, eta: 0:21:10, time: 0.114, data_time: 0.022, memory: 1044, loss: 0.1035
2023-02-05 22:45:36,354 - mmcls - INFO - Epoch [52][200/391]	lr: 1.000e-01, eta: 0:21:06, time: 0.091, data_time: 0.001, memory: 1044, loss: 0.1166
2023-02-05 22:45:45,698 - mmcls - INFO - Epoch [52][300/391]	lr: 1.000e-01, eta: 0:21:01, time: 0.093, data_time: 0.001, memory: 1044, loss: 0.1160
2023-02-05 22:45:56,499 - mmcls - INFO - Epoch(val) [52][79]	accuracy_top-1: 90.2500, accuracy_top-5: 99.5300
2023-02-05 22:46:07,886 - mmcls - INFO - Epoch [53][100/391]	lr: 1.000e-01, eta: 0:20:47, time: 0.113, data_time: 0.022, memory: 1044, loss: 0.0980
2023-02-05 22:46:17,012 - mmcls - INFO - Epoch [53][200/391]	lr: 1.000e-01, eta: 0:20:43, time: 0.092, data_time: 0.001, memory: 1044, loss: 0.1041
2023-02-05 22:46:26,397 - mmcls - INFO - Epoch [53][300/391]	lr: 1.000e-01, eta: 0:20:39, time: 0.094, data_time: 0.001, memory: 1044, loss: 0.1031
2023-02-05 22:46:37,295 - mmcls - INFO - Epoch(val) [53][79]	accuracy_top-1: 90.3700, accuracy_top-5: 99.6800
2023-02-05 22:46:48,825 - mmcls - INFO - Epoch [54][100/391]	lr: 1.000e-01, eta: 0:20:25, time: 0.115, data_time: 0.021, memory: 1044, loss: 0.0979
2023-02-05 22:46:57,952 - mmcls - INFO - Epoch [54][200/391]	lr: 1.000e-01, eta: 0:20:20, time: 0.091, data_time: 0.001, memory: 1044, loss: 0.1179
2023-02-05 22:47:07,408 - mmcls - INFO - Epoch [54][300/391]	lr: 1.000e-01, eta: 0:20:16, time: 0.095, data_time: 0.001, memory: 1044, loss: 0.1135
2023-02-05 22:47:18,415 - mmcls - INFO - Epoch(val) [54][79]	accuracy_top-1: 88.5600, accuracy_top-5: 99.6900
2023-02-05 22:47:29,637 - mmcls - INFO - Epoch [55][100/391]	lr: 1.000e-01, eta: 0:20:01, time: 0.112, data_time: 0.021, memory: 1044, loss: 0.0957
2023-02-05 22:47:39,104 - mmcls - INFO - Epoch [55][200/391]	lr: 1.000e-01, eta: 0:19:57, time: 0.095, data_time: 0.001, memory: 1044, loss: 0.1168
2023-02-05 22:47:48,656 - mmcls - INFO - Epoch [55][300/391]	lr: 1.000e-01, eta: 0:19:52, time: 0.095, data_time: 0.001, memory: 1044, loss: 0.1082
2023-02-05 22:47:59,179 - mmcls - INFO - Epoch(val) [55][79]	accuracy_top-1: 89.3700, accuracy_top-5: 99.6000
2023-02-05 22:48:10,409 - mmcls - INFO - Epoch [56][100/391]	lr: 1.000e-01, eta: 0:19:38, time: 0.112, data_time: 0.022, memory: 1044, loss: 0.0989
2023-02-05 22:48:19,144 - mmcls - INFO - Epoch [56][200/391]	lr: 1.000e-01, eta: 0:19:33, time: 0.087, data_time: 0.001, memory: 1044, loss: 0.1069
2023-02-05 22:48:28,578 - mmcls - INFO - Epoch [56][300/391]	lr: 1.000e-01, eta: 0:19:28, time: 0.095, data_time: 0.001, memory: 1044, loss: 0.1125
2023-02-05 22:48:39,172 - mmcls - INFO - Epoch(val) [56][79]	accuracy_top-1: 89.6600, accuracy_top-5: 99.5700
2023-02-05 22:48:50,649 - mmcls - INFO - Epoch [57][100/391]	lr: 1.000e-01, eta: 0:19:14, time: 0.115, data_time: 0.022, memory: 1044, loss: 0.0867
2023-02-05 22:48:59,949 - mmcls - INFO - Epoch [57][200/391]	lr: 1.000e-01, eta: 0:19:10, time: 0.093, data_time: 0.001, memory: 1044, loss: 0.1099
2023-02-05 22:49:09,499 - mmcls - INFO - Epoch [57][300/391]	lr: 1.000e-01, eta: 0:19:05, time: 0.096, data_time: 0.001, memory: 1044, loss: 0.1119
2023-02-05 22:49:20,296 - mmcls - INFO - Epoch(val) [57][79]	accuracy_top-1: 89.7700, accuracy_top-5: 99.5300
2023-02-05 22:49:31,616 - mmcls - INFO - Epoch [58][100/391]	lr: 1.000e-01, eta: 0:18:51, time: 0.113, data_time: 0.022, memory: 1044, loss: 0.0992
2023-02-05 22:49:41,167 - mmcls - INFO - Epoch [58][200/391]	lr: 1.000e-01, eta: 0:18:46, time: 0.095, data_time: 0.001, memory: 1044, loss: 0.1135
2023-02-05 22:49:50,647 - mmcls - INFO - Epoch [58][300/391]	lr: 1.000e-01, eta: 0:18:41, time: 0.095, data_time: 0.001, memory: 1044, loss: 0.1085
2023-02-05 22:50:01,453 - mmcls - INFO - Epoch(val) [58][79]	accuracy_top-1: 88.7300, accuracy_top-5: 99.4700
2023-02-05 22:50:12,669 - mmcls - INFO - Epoch [59][100/391]	lr: 1.000e-01, eta: 0:18:27, time: 0.112, data_time: 0.022, memory: 1044, loss: 0.0976
2023-02-05 22:50:22,172 - mmcls - INFO - Epoch [59][200/391]	lr: 1.000e-01, eta: 0:18:22, time: 0.095, data_time: 0.001, memory: 1044, loss: 0.1095
2023-02-05 22:50:31,546 - mmcls - INFO - Epoch [59][300/391]	lr: 1.000e-01, eta: 0:18:17, time: 0.094, data_time: 0.001, memory: 1044, loss: 0.1215
2023-02-05 22:50:42,465 - mmcls - INFO - Epoch(val) [59][79]	accuracy_top-1: 88.8600, accuracy_top-5: 99.5300
2023-02-05 22:50:53,895 - mmcls - INFO - Epoch [60][100/391]	lr: 1.000e-01, eta: 0:18:03, time: 0.114, data_time: 0.022, memory: 1044, loss: 0.0940
2023-02-05 22:51:03,188 - mmcls - INFO - Epoch [60][200/391]	lr: 1.000e-01, eta: 0:17:58, time: 0.093, data_time: 0.001, memory: 1044, loss: 0.1114
2023-02-05 22:51:12,274 - mmcls - INFO - Epoch [60][300/391]	lr: 1.000e-01, eta: 0:17:53, time: 0.091, data_time: 0.001, memory: 1044, loss: 0.1141
2023-02-05 22:51:22,796 - mmcls - INFO - Epoch(val) [60][79]	accuracy_top-1: 89.6100, accuracy_top-5: 99.6600
2023-02-05 22:51:34,065 - mmcls - INFO - Epoch [61][100/391]	lr: 1.000e-01, eta: 0:17:38, time: 0.112, data_time: 0.022, memory: 1044, loss: 0.1002
2023-02-05 22:51:43,588 - mmcls - INFO - Epoch [61][200/391]	lr: 1.000e-01, eta: 0:17:33, time: 0.095, data_time: 0.001, memory: 1044, loss: 0.1047
2023-02-05 22:51:52,759 - mmcls - INFO - Epoch [61][300/391]	lr: 1.000e-01, eta: 0:17:28, time: 0.092, data_time: 0.001, memory: 1044, loss: 0.1126
2023-02-05 22:52:03,659 - mmcls - INFO - Epoch(val) [61][79]	accuracy_top-1: 89.8600, accuracy_top-5: 99.7000
2023-02-05 22:52:14,925 - mmcls - INFO - Epoch [62][100/391]	lr: 1.000e-01, eta: 0:17:14, time: 0.112, data_time: 0.021, memory: 1044, loss: 0.0921
2023-02-05 22:52:24,433 - mmcls - INFO - Epoch [62][200/391]	lr: 1.000e-01, eta: 0:17:09, time: 0.095, data_time: 0.001, memory: 1044, loss: 0.1035
2023-02-05 22:52:33,945 - mmcls - INFO - Epoch [62][300/391]	lr: 1.000e-01, eta: 0:17:03, time: 0.095, data_time: 0.001, memory: 1044, loss: 0.1065
2023-02-05 22:52:44,531 - mmcls - INFO - Epoch(val) [62][79]	accuracy_top-1: 89.3000, accuracy_top-5: 99.6200
2023-02-05 22:52:55,724 - mmcls - INFO - Epoch [63][100/391]	lr: 1.000e-01, eta: 0:16:49, time: 0.111, data_time: 0.021, memory: 1044, loss: 0.1058
2023-02-05 22:53:05,059 - mmcls - INFO - Epoch [63][200/391]	lr: 1.000e-01, eta: 0:16:44, time: 0.093, data_time: 0.001, memory: 1044, loss: 0.1006
2023-02-05 22:53:14,616 - mmcls - INFO - Epoch [63][300/391]	lr: 1.000e-01, eta: 0:16:39, time: 0.096, data_time: 0.001, memory: 1044, loss: 0.1053
2023-02-05 22:53:25,230 - mmcls - INFO - Epoch(val) [63][79]	accuracy_top-1: 89.9500, accuracy_top-5: 99.6900
2023-02-05 22:53:36,671 - mmcls - INFO - Epoch [64][100/391]	lr: 1.000e-01, eta: 0:16:25, time: 0.114, data_time: 0.022, memory: 1044, loss: 0.0941
2023-02-05 22:53:46,171 - mmcls - INFO - Epoch [64][200/391]	lr: 1.000e-01, eta: 0:16:19, time: 0.095, data_time: 0.001, memory: 1044, loss: 0.0901
2023-02-05 22:53:55,285 - mmcls - INFO - Epoch [64][300/391]	lr: 1.000e-01, eta: 0:16:14, time: 0.091, data_time: 0.001, memory: 1044, loss: 0.1126
2023-02-05 22:54:06,112 - mmcls - INFO - Epoch(val) [64][79]	accuracy_top-1: 89.3700, accuracy_top-5: 99.5400
2023-02-05 22:54:17,759 - mmcls - INFO - Epoch [65][100/391]	lr: 1.000e-01, eta: 0:16:00, time: 0.116, data_time: 0.021, memory: 1044, loss: 0.0908
2023-02-05 22:54:27,267 - mmcls - INFO - Epoch [65][200/391]	lr: 1.000e-01, eta: 0:15:54, time: 0.095, data_time: 0.001, memory: 1044, loss: 0.0974
2023-02-05 22:54:36,474 - mmcls - INFO - Epoch [65][300/391]	lr: 1.000e-01, eta: 0:15:49, time: 0.092, data_time: 0.001, memory: 1044, loss: 0.1174
2023-02-05 22:54:47,233 - mmcls - INFO - Epoch(val) [65][79]	accuracy_top-1: 90.4100, accuracy_top-5: 99.7000
2023-02-05 22:54:58,875 - mmcls - INFO - Epoch [66][100/391]	lr: 1.000e-01, eta: 0:15:35, time: 0.116, data_time: 0.021, memory: 1044, loss: 0.1001
2023-02-05 22:55:08,041 - mmcls - INFO - Epoch [66][200/391]	lr: 1.000e-01, eta: 0:15:29, time: 0.092, data_time: 0.001, memory: 1044, loss: 0.1040
2023-02-05 22:55:17,451 - mmcls - INFO - Epoch [66][300/391]	lr: 1.000e-01, eta: 0:15:23, time: 0.094, data_time: 0.001, memory: 1044, loss: 0.1121
2023-02-05 22:55:28,233 - mmcls - INFO - Epoch(val) [66][79]	accuracy_top-1: 88.8600, accuracy_top-5: 99.6100
2023-02-05 22:55:39,571 - mmcls - INFO - Epoch [67][100/391]	lr: 1.000e-01, eta: 0:15:09, time: 0.113, data_time: 0.021, memory: 1044, loss: 0.0943
2023-02-05 22:55:48,985 - mmcls - INFO - Epoch [67][200/391]	lr: 1.000e-01, eta: 0:15:04, time: 0.095, data_time: 0.001, memory: 1044, loss: 0.0956
2023-02-05 22:55:58,523 - mmcls - INFO - Epoch [67][300/391]	lr: 1.000e-01, eta: 0:14:58, time: 0.095, data_time: 0.001, memory: 1044, loss: 0.1031
2023-02-05 22:56:09,066 - mmcls - INFO - Epoch(val) [67][79]	accuracy_top-1: 89.7600, accuracy_top-5: 99.6000
2023-02-05 22:56:20,621 - mmcls - INFO - Epoch [68][100/391]	lr: 1.000e-01, eta: 0:14:44, time: 0.115, data_time: 0.021, memory: 1044, loss: 0.0976
2023-02-05 22:56:30,006 - mmcls - INFO - Epoch [68][200/391]	lr: 1.000e-01, eta: 0:14:38, time: 0.093, data_time: 0.001, memory: 1044, loss: 0.0958
2023-02-05 22:56:39,439 - mmcls - INFO - Epoch [68][300/391]	lr: 1.000e-01, eta: 0:14:32, time: 0.095, data_time: 0.001, memory: 1044, loss: 0.1065
2023-02-05 22:56:49,751 - mmcls - INFO - Epoch(val) [68][79]	accuracy_top-1: 87.7200, accuracy_top-5: 99.5700
2023-02-05 22:57:01,184 - mmcls - INFO - Epoch [69][100/391]	lr: 1.000e-01, eta: 0:14:18, time: 0.114, data_time: 0.021, memory: 1044, loss: 0.1090
2023-02-05 22:57:10,498 - mmcls - INFO - Epoch [69][200/391]	lr: 1.000e-01, eta: 0:14:13, time: 0.093, data_time: 0.001, memory: 1044, loss: 0.0924
2023-02-05 22:57:19,818 - mmcls - INFO - Epoch [69][300/391]	lr: 1.000e-01, eta: 0:14:07, time: 0.093, data_time: 0.001, memory: 1044, loss: 0.1077
2023-02-05 22:57:30,625 - mmcls - INFO - Epoch(val) [69][79]	accuracy_top-1: 89.2800, accuracy_top-5: 99.6200
2023-02-05 22:57:41,979 - mmcls - INFO - Epoch [70][100/391]	lr: 1.000e-01, eta: 0:13:53, time: 0.113, data_time: 0.021, memory: 1044, loss: 0.1002
2023-02-05 22:57:51,416 - mmcls - INFO - Epoch [70][200/391]	lr: 1.000e-01, eta: 0:13:47, time: 0.095, data_time: 0.001, memory: 1044, loss: 0.0981
2023-02-05 22:58:00,496 - mmcls - INFO - Epoch [70][300/391]	lr: 1.000e-01, eta: 0:13:41, time: 0.091, data_time: 0.001, memory: 1044, loss: 0.1023
2023-02-05 22:58:11,124 - mmcls - INFO - Epoch(val) [70][79]	accuracy_top-1: 88.7800, accuracy_top-5: 99.4500
2023-02-05 22:58:22,517 - mmcls - INFO - Epoch [71][100/391]	lr: 1.000e-01, eta: 0:13:27, time: 0.113, data_time: 0.022, memory: 1044, loss: 0.0974
2023-02-05 22:58:31,677 - mmcls - INFO - Epoch [71][200/391]	lr: 1.000e-01, eta: 0:13:21, time: 0.092, data_time: 0.001, memory: 1044, loss: 0.0866
2023-02-05 22:58:41,200 - mmcls - INFO - Epoch [71][300/391]	lr: 1.000e-01, eta: 0:13:15, time: 0.095, data_time: 0.001, memory: 1044, loss: 0.1115
2023-02-05 22:58:51,910 - mmcls - INFO - Epoch(val) [71][79]	accuracy_top-1: 89.4700, accuracy_top-5: 99.6400
2023-02-05 22:59:03,307 - mmcls - INFO - Epoch [72][100/391]	lr: 1.000e-01, eta: 0:13:01, time: 0.113, data_time: 0.021, memory: 1044, loss: 0.1101
2023-02-05 22:59:12,765 - mmcls - INFO - Epoch [72][200/391]	lr: 1.000e-01, eta: 0:12:55, time: 0.095, data_time: 0.001, memory: 1044, loss: 0.0953
2023-02-05 22:59:22,064 - mmcls - INFO - Epoch [72][300/391]	lr: 1.000e-01, eta: 0:12:49, time: 0.093, data_time: 0.001, memory: 1044, loss: 0.0991
2023-02-05 22:59:32,820 - mmcls - INFO - Epoch(val) [72][79]	accuracy_top-1: 89.2700, accuracy_top-5: 99.6500
2023-02-05 22:59:44,301 - mmcls - INFO - Epoch [73][100/391]	lr: 1.000e-01, eta: 0:12:35, time: 0.114, data_time: 0.021, memory: 1044, loss: 0.0892
2023-02-05 22:59:53,531 - mmcls - INFO - Epoch [73][200/391]	lr: 1.000e-01, eta: 0:12:29, time: 0.093, data_time: 0.001, memory: 1044, loss: 0.0977
2023-02-05 23:00:02,971 - mmcls - INFO - Epoch [73][300/391]	lr: 1.000e-01, eta: 0:12:23, time: 0.094, data_time: 0.001, memory: 1044, loss: 0.1051
2023-02-05 23:00:13,611 - mmcls - INFO - Epoch(val) [73][79]	accuracy_top-1: 89.2900, accuracy_top-5: 99.6800
2023-02-05 23:00:25,065 - mmcls - INFO - Epoch [74][100/391]	lr: 1.000e-01, eta: 0:12:09, time: 0.114, data_time: 0.021, memory: 1044, loss: 0.0960
2023-02-05 23:00:34,418 - mmcls - INFO - Epoch [74][200/391]	lr: 1.000e-01, eta: 0:12:02, time: 0.093, data_time: 0.001, memory: 1044, loss: 0.0917
2023-02-05 23:00:43,940 - mmcls - INFO - Epoch [74][300/391]	lr: 1.000e-01, eta: 0:11:56, time: 0.095, data_time: 0.001, memory: 1044, loss: 0.1017
2023-02-05 23:00:54,548 - mmcls - INFO - Epoch(val) [74][79]	accuracy_top-1: 89.2100, accuracy_top-5: 99.5200
2023-02-05 23:01:06,018 - mmcls - INFO - Epoch [75][100/391]	lr: 1.000e-01, eta: 0:11:42, time: 0.114, data_time: 0.022, memory: 1044, loss: 0.0895
2023-02-05 23:01:15,440 - mmcls - INFO - Epoch [75][200/391]	lr: 1.000e-01, eta: 0:11:36, time: 0.094, data_time: 0.001, memory: 1044, loss: 0.1189
2023-02-05 23:01:24,759 - mmcls - INFO - Epoch [75][300/391]	lr: 1.000e-01, eta: 0:11:30, time: 0.093, data_time: 0.001, memory: 1044, loss: 0.1011
2023-02-05 23:01:35,439 - mmcls - INFO - Epoch(val) [75][79]	accuracy_top-1: 89.9600, accuracy_top-5: 99.7000
2023-02-05 23:01:46,859 - mmcls - INFO - Epoch [76][100/391]	lr: 1.000e-01, eta: 0:11:16, time: 0.113, data_time: 0.021, memory: 1044, loss: 0.0898
2023-02-05 23:01:55,980 - mmcls - INFO - Epoch [76][200/391]	lr: 1.000e-01, eta: 0:11:10, time: 0.091, data_time: 0.001, memory: 1044, loss: 0.0851
2023-02-05 23:02:05,518 - mmcls - INFO - Epoch [76][300/391]	lr: 1.000e-01, eta: 0:11:03, time: 0.095, data_time: 0.001, memory: 1044, loss: 0.1082
2023-02-05 23:02:16,101 - mmcls - INFO - Epoch(val) [76][79]	accuracy_top-1: 86.5800, accuracy_top-5: 99.3300
2023-02-05 23:02:27,506 - mmcls - INFO - Epoch [77][100/391]	lr: 1.000e-01, eta: 0:10:49, time: 0.114, data_time: 0.022, memory: 1044, loss: 0.0959
2023-02-05 23:02:36,912 - mmcls - INFO - Epoch [77][200/391]	lr: 1.000e-01, eta: 0:10:43, time: 0.094, data_time: 0.001, memory: 1044, loss: 0.0926
2023-02-05 23:02:46,109 - mmcls - INFO - Epoch [77][300/391]	lr: 1.000e-01, eta: 0:10:37, time: 0.092, data_time: 0.001, memory: 1044, loss: 0.1020
2023-02-05 23:02:56,811 - mmcls - INFO - Epoch(val) [77][79]	accuracy_top-1: 89.8600, accuracy_top-5: 99.6400
2023-02-05 23:03:07,857 - mmcls - INFO - Epoch [78][100/391]	lr: 1.000e-01, eta: 0:10:23, time: 0.110, data_time: 0.022, memory: 1044, loss: 0.0909
2023-02-05 23:03:16,795 - mmcls - INFO - Epoch [78][200/391]	lr: 1.000e-01, eta: 0:10:16, time: 0.090, data_time: 0.001, memory: 1044, loss: 0.0855
2023-02-05 23:03:26,146 - mmcls - INFO - Epoch [78][300/391]	lr: 1.000e-01, eta: 0:10:10, time: 0.093, data_time: 0.001, memory: 1044, loss: 0.1014
2023-02-05 23:03:36,905 - mmcls - INFO - Epoch(val) [78][79]	accuracy_top-1: 88.9500, accuracy_top-5: 99.5200
2023-02-05 23:03:48,123 - mmcls - INFO - Epoch [79][100/391]	lr: 1.000e-01, eta: 0:09:56, time: 0.112, data_time: 0.021, memory: 1044, loss: 0.0884
2023-02-05 23:03:56,991 - mmcls - INFO - Epoch [79][200/391]	lr: 1.000e-01, eta: 0:09:49, time: 0.089, data_time: 0.001, memory: 1044, loss: 0.0963
2023-02-05 23:04:06,385 - mmcls - INFO - Epoch [79][300/391]	lr: 1.000e-01, eta: 0:09:43, time: 0.094, data_time: 0.001, memory: 1044, loss: 0.1010
2023-02-05 23:04:17,107 - mmcls - INFO - Epoch(val) [79][79]	accuracy_top-1: 89.2100, accuracy_top-5: 99.7300
2023-02-05 23:04:28,533 - mmcls - INFO - Epoch [80][100/391]	lr: 1.000e-01, eta: 0:09:29, time: 0.114, data_time: 0.022, memory: 1044, loss: 0.0992
2023-02-05 23:04:38,021 - mmcls - INFO - Epoch [80][200/391]	lr: 1.000e-01, eta: 0:09:23, time: 0.095, data_time: 0.001, memory: 1044, loss: 0.1031
2023-02-05 23:04:47,483 - mmcls - INFO - Epoch [80][300/391]	lr: 1.000e-01, eta: 0:09:16, time: 0.094, data_time: 0.001, memory: 1044, loss: 0.0973
2023-02-05 23:04:58,370 - mmcls - INFO - Epoch(val) [80][79]	accuracy_top-1: 90.8900, accuracy_top-5: 99.6600
2023-02-05 23:05:09,715 - mmcls - INFO - Epoch [81][100/391]	lr: 1.000e-01, eta: 0:09:02, time: 0.113, data_time: 0.021, memory: 1044, loss: 0.0852
2023-02-05 23:05:19,031 - mmcls - INFO - Epoch [81][200/391]	lr: 1.000e-01, eta: 0:08:56, time: 0.093, data_time: 0.001, memory: 1044, loss: 0.0972
2023-02-05 23:05:28,585 - mmcls - INFO - Epoch [81][300/391]	lr: 1.000e-01, eta: 0:08:49, time: 0.096, data_time: 0.001, memory: 1044, loss: 0.0979
2023-02-05 23:05:39,135 - mmcls - INFO - Epoch(val) [81][79]	accuracy_top-1: 90.3900, accuracy_top-5: 99.6200
2023-02-05 23:05:50,339 - mmcls - INFO - Epoch [82][100/391]	lr: 1.000e-01, eta: 0:08:35, time: 0.112, data_time: 0.021, memory: 1044, loss: 0.0882
2023-02-05 23:05:59,664 - mmcls - INFO - Epoch [82][200/391]	lr: 1.000e-01, eta: 0:08:29, time: 0.093, data_time: 0.001, memory: 1044, loss: 0.0873
2023-02-05 23:06:09,221 - mmcls - INFO - Epoch [82][300/391]	lr: 1.000e-01, eta: 0:08:22, time: 0.096, data_time: 0.001, memory: 1044, loss: 0.0983
2023-02-05 23:06:19,832 - mmcls - INFO - Epoch(val) [82][79]	accuracy_top-1: 87.7200, accuracy_top-5: 99.5800
2023-02-05 23:06:31,289 - mmcls - INFO - Epoch [83][100/391]	lr: 1.000e-01, eta: 0:08:08, time: 0.114, data_time: 0.021, memory: 1044, loss: 0.0858
2023-02-05 23:06:40,560 - mmcls - INFO - Epoch [83][200/391]	lr: 1.000e-01, eta: 0:08:02, time: 0.092, data_time: 0.001, memory: 1044, loss: 0.0969
2023-02-05 23:06:49,994 - mmcls - INFO - Epoch [83][300/391]	lr: 1.000e-01, eta: 0:07:55, time: 0.094, data_time: 0.001, memory: 1044, loss: 0.0956
2023-02-05 23:07:01,117 - mmcls - INFO - Epoch(val) [83][79]	accuracy_top-1: 89.9900, accuracy_top-5: 99.7300
2023-02-05 23:07:12,391 - mmcls - INFO - Epoch [84][100/391]	lr: 1.000e-01, eta: 0:07:41, time: 0.112, data_time: 0.022, memory: 1044, loss: 0.0851
2023-02-05 23:07:21,785 - mmcls - INFO - Epoch [84][200/391]	lr: 1.000e-01, eta: 0:07:35, time: 0.094, data_time: 0.001, memory: 1044, loss: 0.0885
2023-02-05 23:07:31,198 - mmcls - INFO - Epoch [84][300/391]	lr: 1.000e-01, eta: 0:07:28, time: 0.094, data_time: 0.001, memory: 1044, loss: 0.0973
2023-02-05 23:07:41,815 - mmcls - INFO - Epoch(val) [84][79]	accuracy_top-1: 90.3000, accuracy_top-5: 99.5100
2023-02-05 23:07:52,997 - mmcls - INFO - Epoch [85][100/391]	lr: 1.000e-01, eta: 0:07:14, time: 0.111, data_time: 0.022, memory: 1044, loss: 0.1014
2023-02-05 23:08:02,367 - mmcls - INFO - Epoch [85][200/391]	lr: 1.000e-01, eta: 0:07:08, time: 0.094, data_time: 0.001, memory: 1044, loss: 0.0967
2023-02-05 23:08:11,850 - mmcls - INFO - Epoch [85][300/391]	lr: 1.000e-01, eta: 0:07:01, time: 0.095, data_time: 0.001, memory: 1044, loss: 0.0983
2023-02-05 23:08:22,323 - mmcls - INFO - Epoch(val) [85][79]	accuracy_top-1: 91.4000, accuracy_top-5: 99.7300
2023-02-05 23:08:33,734 - mmcls - INFO - Epoch [86][100/391]	lr: 1.000e-01, eta: 0:06:47, time: 0.114, data_time: 0.021, memory: 1044, loss: 0.0856
2023-02-05 23:08:43,012 - mmcls - INFO - Epoch [86][200/391]	lr: 1.000e-01, eta: 0:06:40, time: 0.092, data_time: 0.001, memory: 1044, loss: 0.0898
2023-02-05 23:08:52,442 - mmcls - INFO - Epoch [86][300/391]	lr: 1.000e-01, eta: 0:06:34, time: 0.094, data_time: 0.001, memory: 1044, loss: 0.0979
2023-02-05 23:09:03,305 - mmcls - INFO - Epoch(val) [86][79]	accuracy_top-1: 90.0400, accuracy_top-5: 99.6200
2023-02-05 23:09:14,864 - mmcls - INFO - Epoch [87][100/391]	lr: 1.000e-01, eta: 0:06:20, time: 0.115, data_time: 0.021, memory: 1044, loss: 0.0826
2023-02-05 23:09:24,180 - mmcls - INFO - Epoch [87][200/391]	lr: 1.000e-01, eta: 0:06:13, time: 0.093, data_time: 0.001, memory: 1044, loss: 0.1002
2023-02-05 23:09:33,463 - mmcls - INFO - Epoch [87][300/391]	lr: 1.000e-01, eta: 0:06:06, time: 0.093, data_time: 0.001, memory: 1044, loss: 0.0992
2023-02-05 23:09:44,134 - mmcls - INFO - Epoch(val) [87][79]	accuracy_top-1: 91.0500, accuracy_top-5: 99.6800
2023-02-05 23:09:55,646 - mmcls - INFO - Epoch [88][100/391]	lr: 1.000e-01, eta: 0:05:52, time: 0.115, data_time: 0.022, memory: 1044, loss: 0.0852
2023-02-05 23:10:04,921 - mmcls - INFO - Epoch [88][200/391]	lr: 1.000e-01, eta: 0:05:46, time: 0.093, data_time: 0.001, memory: 1044, loss: 0.0929
2023-02-05 23:10:14,198 - mmcls - INFO - Epoch [88][300/391]	lr: 1.000e-01, eta: 0:05:39, time: 0.093, data_time: 0.001, memory: 1044, loss: 0.1089
2023-02-05 23:10:24,989 - mmcls - INFO - Epoch(val) [88][79]	accuracy_top-1: 90.9200, accuracy_top-5: 99.7300
2023-02-05 23:10:36,513 - mmcls - INFO - Epoch [89][100/391]	lr: 1.000e-01, eta: 0:05:25, time: 0.115, data_time: 0.021, memory: 1044, loss: 0.0888
2023-02-05 23:10:45,623 - mmcls - INFO - Epoch [89][200/391]	lr: 1.000e-01, eta: 0:05:18, time: 0.091, data_time: 0.001, memory: 1044, loss: 0.0943
2023-02-05 23:10:55,072 - mmcls - INFO - Epoch [89][300/391]	lr: 1.000e-01, eta: 0:05:11, time: 0.094, data_time: 0.001, memory: 1044, loss: 0.1026
2023-02-05 23:11:05,847 - mmcls - INFO - Epoch(val) [89][79]	accuracy_top-1: 90.2500, accuracy_top-5: 99.6400
2023-02-05 23:11:17,271 - mmcls - INFO - Epoch [90][100/391]	lr: 1.000e-01, eta: 0:04:58, time: 0.114, data_time: 0.021, memory: 1044, loss: 0.0833
2023-02-05 23:11:26,575 - mmcls - INFO - Epoch [90][200/391]	lr: 1.000e-01, eta: 0:04:51, time: 0.093, data_time: 0.001, memory: 1044, loss: 0.0837
2023-02-05 23:11:35,871 - mmcls - INFO - Epoch [90][300/391]	lr: 1.000e-01, eta: 0:04:44, time: 0.093, data_time: 0.001, memory: 1044, loss: 0.0908
2023-02-05 23:11:45,955 - mmcls - INFO - Epoch(val) [90][79]	accuracy_top-1: 89.3900, accuracy_top-5: 99.5900
2023-02-05 23:11:57,280 - mmcls - INFO - Epoch [91][100/391]	lr: 1.000e-01, eta: 0:04:30, time: 0.113, data_time: 0.021, memory: 1044, loss: 0.0915
2023-02-05 23:12:06,680 - mmcls - INFO - Epoch [91][200/391]	lr: 1.000e-01, eta: 0:04:23, time: 0.094, data_time: 0.001, memory: 1044, loss: 0.0976
2023-02-05 23:12:15,836 - mmcls - INFO - Epoch [91][300/391]	lr: 1.000e-01, eta: 0:04:16, time: 0.092, data_time: 0.001, memory: 1044, loss: 0.0984
2023-02-05 23:12:26,513 - mmcls - INFO - Epoch(val) [91][79]	accuracy_top-1: 89.7200, accuracy_top-5: 99.5300
2023-02-05 23:12:38,008 - mmcls - INFO - Epoch [92][100/391]	lr: 1.000e-01, eta: 0:04:03, time: 0.114, data_time: 0.022, memory: 1044, loss: 0.0892
2023-02-05 23:12:47,358 - mmcls - INFO - Epoch [92][200/391]	lr: 1.000e-01, eta: 0:03:56, time: 0.094, data_time: 0.001, memory: 1044, loss: 0.0902
2023-02-05 23:12:56,711 - mmcls - INFO - Epoch [92][300/391]	lr: 1.000e-01, eta: 0:03:49, time: 0.094, data_time: 0.001, memory: 1044, loss: 0.0977
2023-02-05 23:13:07,563 - mmcls - INFO - Epoch(val) [92][79]	accuracy_top-1: 91.0100, accuracy_top-5: 99.6800
2023-02-05 23:13:19,186 - mmcls - INFO - Epoch [93][100/391]	lr: 1.000e-01, eta: 0:03:35, time: 0.116, data_time: 0.021, memory: 1044, loss: 0.0821
2023-02-05 23:13:28,405 - mmcls - INFO - Epoch [93][200/391]	lr: 1.000e-01, eta: 0:03:28, time: 0.092, data_time: 0.001, memory: 1044, loss: 0.0931
2023-02-05 23:13:37,852 - mmcls - INFO - Epoch [93][300/391]	lr: 1.000e-01, eta: 0:03:21, time: 0.094, data_time: 0.001, memory: 1044, loss: 0.0845
2023-02-05 23:13:48,571 - mmcls - INFO - Epoch(val) [93][79]	accuracy_top-1: 88.9300, accuracy_top-5: 99.4700
2023-02-05 23:13:59,838 - mmcls - INFO - Epoch [94][100/391]	lr: 1.000e-01, eta: 0:03:07, time: 0.112, data_time: 0.022, memory: 1044, loss: 0.0805
2023-02-05 23:14:09,113 - mmcls - INFO - Epoch [94][200/391]	lr: 1.000e-01, eta: 0:03:00, time: 0.093, data_time: 0.001, memory: 1044, loss: 0.0905
2023-02-05 23:14:18,367 - mmcls - INFO - Epoch [94][300/391]	lr: 1.000e-01, eta: 0:02:53, time: 0.093, data_time: 0.001, memory: 1044, loss: 0.0969
2023-02-05 23:14:29,102 - mmcls - INFO - Epoch(val) [94][79]	accuracy_top-1: 90.2400, accuracy_top-5: 99.6000
2023-02-05 23:14:40,650 - mmcls - INFO - Epoch [95][100/391]	lr: 1.000e-01, eta: 0:02:40, time: 0.115, data_time: 0.021, memory: 1044, loss: 0.0839
2023-02-05 23:14:50,013 - mmcls - INFO - Epoch [95][200/391]	lr: 1.000e-01, eta: 0:02:33, time: 0.093, data_time: 0.001, memory: 1044, loss: 0.0905
2023-02-05 23:14:59,248 - mmcls - INFO - Epoch [95][300/391]	lr: 1.000e-01, eta: 0:02:26, time: 0.093, data_time: 0.001, memory: 1044, loss: 0.1069
2023-02-05 23:15:10,087 - mmcls - INFO - Epoch(val) [95][79]	accuracy_top-1: 90.0900, accuracy_top-5: 99.6300
2023-02-05 23:15:21,707 - mmcls - INFO - Epoch [96][100/391]	lr: 1.000e-01, eta: 0:02:12, time: 0.115, data_time: 0.021, memory: 1044, loss: 0.0821
2023-02-05 23:15:31,052 - mmcls - INFO - Epoch [96][200/391]	lr: 1.000e-01, eta: 0:02:05, time: 0.093, data_time: 0.001, memory: 1044, loss: 0.0975
2023-02-05 23:15:40,396 - mmcls - INFO - Epoch [96][300/391]	lr: 1.000e-01, eta: 0:01:58, time: 0.094, data_time: 0.001, memory: 1044, loss: 0.0939
2023-02-05 23:15:51,023 - mmcls - INFO - Epoch(val) [96][79]	accuracy_top-1: 88.7500, accuracy_top-5: 99.6600
2023-02-05 23:16:02,576 - mmcls - INFO - Epoch [97][100/391]	lr: 1.000e-01, eta: 0:01:44, time: 0.115, data_time: 0.022, memory: 1044, loss: 0.0853
2023-02-05 23:16:12,138 - mmcls - INFO - Epoch [97][200/391]	lr: 1.000e-01, eta: 0:01:37, time: 0.096, data_time: 0.001, memory: 1044, loss: 0.0858
2023-02-05 23:16:21,685 - mmcls - INFO - Epoch [97][300/391]	lr: 1.000e-01, eta: 0:01:30, time: 0.096, data_time: 0.001, memory: 1044, loss: 0.1022
2023-02-05 23:16:32,285 - mmcls - INFO - Epoch(val) [97][79]	accuracy_top-1: 90.2000, accuracy_top-5: 99.6500
2023-02-05 23:16:43,766 - mmcls - INFO - Epoch [98][100/391]	lr: 1.000e-01, eta: 0:01:16, time: 0.114, data_time: 0.021, memory: 1044, loss: 0.0731
2023-02-05 23:16:53,193 - mmcls - INFO - Epoch [98][200/391]	lr: 1.000e-01, eta: 0:01:09, time: 0.094, data_time: 0.001, memory: 1044, loss: 0.0922
2023-02-05 23:17:02,504 - mmcls - INFO - Epoch [98][300/391]	lr: 1.000e-01, eta: 0:01:02, time: 0.093, data_time: 0.001, memory: 1044, loss: 0.1029
2023-02-05 23:17:13,089 - mmcls - INFO - Epoch(val) [98][79]	accuracy_top-1: 89.6400, accuracy_top-5: 99.6500
2023-02-05 23:17:24,490 - mmcls - INFO - Epoch [99][100/391]	lr: 1.000e-01, eta: 0:00:48, time: 0.113, data_time: 0.021, memory: 1044, loss: 0.0878
2023-02-05 23:17:33,611 - mmcls - INFO - Epoch [99][200/391]	lr: 1.000e-01, eta: 0:00:41, time: 0.091, data_time: 0.001, memory: 1044, loss: 0.0828
2023-02-05 23:17:43,124 - mmcls - INFO - Epoch [99][300/391]	lr: 1.000e-01, eta: 0:00:34, time: 0.095, data_time: 0.001, memory: 1044, loss: 0.0987
2023-02-05 23:17:53,805 - mmcls - INFO - Epoch(val) [99][79]	accuracy_top-1: 90.2600, accuracy_top-5: 99.6000
2023-02-05 23:18:05,344 - mmcls - INFO - Epoch [100][100/391]	lr: 1.000e-01, eta: 0:00:20, time: 0.115, data_time: 0.021, memory: 1044, loss: 0.1014
2023-02-05 23:18:14,900 - mmcls - INFO - Epoch [100][200/391]	lr: 1.000e-01, eta: 0:00:13, time: 0.096, data_time: 0.001, memory: 1044, loss: 0.0983
2023-02-05 23:18:24,348 - mmcls - INFO - Epoch [100][300/391]	lr: 1.000e-01, eta: 0:00:06, time: 0.095, data_time: 0.001, memory: 1044, loss: 0.0876
2023-02-05 23:18:32,863 - mmcls - INFO - Saving checkpoint at 100 epochs
2023-02-05 23:18:35,515 - mmcls - INFO - Epoch(val) [100][79]	accuracy_top-1: 89.9600, accuracy_top-5: 99.5800
